2022-01-05 21:09:39,847 INFO    MainThread:1532 [internal.py:wandb_internal():90] W&B internal server running at pid: 1532, started at: 2022-01-05 21:09:39.840938
2022-01-05 21:09:39,850 INFO    WriterThread:1532 [datastore.py:open_for_write():77] open: D:\GitHub\OnePunch\OnepunchPrompt_for_new_transformers\wandb\run-20220105_210938-3004v3ym\run-3004v3ym.wandb
2022-01-05 21:09:39,850 DEBUG   HandlerThread:1532 [handler.py:handle_request():130] handle_request: check_version
2022-01-05 21:09:39,854 DEBUG   SenderThread:1532 [sender.py:send():234] send: header
2022-01-05 21:09:39,854 DEBUG   SenderThread:1532 [sender.py:send_request():248] send_request: check_version
2022-01-05 21:09:39,872 DEBUG   SenderThread:1532 [sender.py:send():234] send: run
2022-01-05 21:09:43,388 ERROR   SenderThread:1532 [retry.py:__call__():126] Retry attempt failed:
Traceback (most recent call last):
  File "D:\anaconda\envs\myprompt\lib\site-packages\urllib3\connectionpool.py", line 696, in urlopen
    self._prepare_proxy(conn)
  File "D:\anaconda\envs\myprompt\lib\site-packages\urllib3\connectionpool.py", line 964, in _prepare_proxy
    conn.connect()
  File "D:\anaconda\envs\myprompt\lib\site-packages\urllib3\connection.py", line 364, in connect
    conn = self._connect_tls_proxy(hostname, conn)
  File "D:\anaconda\envs\myprompt\lib\site-packages\urllib3\connection.py", line 507, in _connect_tls_proxy
    ssl_context=ssl_context,
  File "D:\anaconda\envs\myprompt\lib\site-packages\urllib3\util\ssl_.py", line 453, in ssl_wrap_socket
    ssl_sock = _ssl_wrap_socket_impl(sock, context, tls_in_tls)
  File "D:\anaconda\envs\myprompt\lib\site-packages\urllib3\util\ssl_.py", line 495, in _ssl_wrap_socket_impl
    return ssl_context.wrap_socket(sock)
  File "D:\anaconda\envs\myprompt\lib\ssl.py", line 423, in wrap_socket
    session=session
  File "D:\anaconda\envs\myprompt\lib\ssl.py", line 870, in _create
    self.do_handshake()
  File "D:\anaconda\envs\myprompt\lib\ssl.py", line 1139, in do_handshake
    self._sslobj.do_handshake()
OSError: [Errno 0] Error

During handling of the above exception, another exception occurred:

Traceback (most recent call last):
  File "D:\anaconda\envs\myprompt\lib\site-packages\requests\adapters.py", line 449, in send
    timeout=timeout
  File "D:\anaconda\envs\myprompt\lib\site-packages\urllib3\connectionpool.py", line 756, in urlopen
    method, url, error=e, _pool=self, _stacktrace=sys.exc_info()[2]
  File "D:\anaconda\envs\myprompt\lib\site-packages\urllib3\util\retry.py", line 574, in increment
    raise MaxRetryError(_pool, url, error or ResponseError(cause))
urllib3.exceptions.MaxRetryError: HTTPSConnectionPool(host='api.wandb.ai', port=443): Max retries exceeded with url: /graphql (Caused by ProxyError('Cannot connect to proxy.', OSError(0, 'Error')))

During handling of the above exception, another exception occurred:

Traceback (most recent call last):
  File "D:\anaconda\envs\myprompt\lib\site-packages\wandb\sdk\lib\retry.py", line 102, in __call__
    result = self._call_fn(*args, **kwargs)
  File "D:\anaconda\envs\myprompt\lib\site-packages\wandb\sdk\internal\internal_api.py", line 141, in execute
    return self.client.execute(*args, **kwargs)
  File "D:\anaconda\envs\myprompt\lib\site-packages\wandb\vendor\gql-0.2.0\gql\client.py", line 52, in execute
    result = self._get_result(document, *args, **kwargs)
  File "D:\anaconda\envs\myprompt\lib\site-packages\wandb\vendor\gql-0.2.0\gql\client.py", line 60, in _get_result
    return self.transport.execute(document, *args, **kwargs)
  File "D:\anaconda\envs\myprompt\lib\site-packages\wandb\vendor\gql-0.2.0\gql\transport\requests.py", line 38, in execute
    request = requests.post(self.url, **post_args)
  File "D:\anaconda\envs\myprompt\lib\site-packages\requests\api.py", line 117, in post
    return request('post', url, data=data, json=json, **kwargs)
  File "D:\anaconda\envs\myprompt\lib\site-packages\requests\api.py", line 61, in request
    return session.request(method=method, url=url, **kwargs)
  File "D:\anaconda\envs\myprompt\lib\site-packages\requests\sessions.py", line 542, in request
    resp = self.send(prep, **send_kwargs)
  File "D:\anaconda\envs\myprompt\lib\site-packages\requests\sessions.py", line 655, in send
    r = adapter.send(request, **kwargs)
  File "D:\anaconda\envs\myprompt\lib\site-packages\requests\adapters.py", line 510, in send
    raise ProxyError(e, request=request)
requests.exceptions.ProxyError: HTTPSConnectionPool(host='api.wandb.ai', port=443): Max retries exceeded with url: /graphql (Caused by ProxyError('Cannot connect to proxy.', OSError(0, 'Error')))
2022-01-05 21:09:48,396 DEBUG   HandlerThread:1532 [handler.py:handle_request():130] handle_request: run_start
2022-01-05 21:09:48,409 INFO    SenderThread:1532 [dir_watcher.py:__init__():169] watching files in: D:\GitHub\OnePunch\OnepunchPrompt_for_new_transformers\wandb\run-20220105_210938-3004v3ym\files
2022-01-05 21:09:48,409 INFO    SenderThread:1532 [sender.py:_start_run_threads():807] run started: 3004v3ym with start time 1641388178
2022-01-05 21:09:48,410 DEBUG   SenderThread:1532 [sender.py:send():234] send: summary
2022-01-05 21:09:48,410 INFO    SenderThread:1532 [sender.py:_save_file():939] saving file wandb-summary.json with policy end
2022-01-05 21:09:48,428 DEBUG   HandlerThread:1532 [meta.py:__init__():40] meta init
2022-01-05 21:09:48,428 DEBUG   HandlerThread:1532 [meta.py:__init__():54] meta init done
2022-01-05 21:09:48,428 DEBUG   HandlerThread:1532 [meta.py:probe():214] probe
2022-01-05 21:09:48,498 DEBUG   HandlerThread:1532 [git.py:repo():33] git repository is invalid
2022-01-05 21:09:48,498 DEBUG   HandlerThread:1532 [meta.py:_save_pip():58] save pip
2022-01-05 21:09:48,499 DEBUG   HandlerThread:1532 [meta.py:_save_pip():72] save pip done
2022-01-05 21:09:48,499 DEBUG   HandlerThread:1532 [meta.py:_save_conda():79] save conda
2022-01-05 21:09:48,503 ERROR   HandlerThread:1532 [meta.py:_save_conda():88] Error saving conda packages
Traceback (most recent call last):
  File "D:\anaconda\envs\myprompt\lib\site-packages\wandb\sdk\internal\meta.py", line 85, in _save_conda
    ["conda", "env", "export"], stdout=f, stderr=subprocess.DEVNULL
  File "D:\anaconda\envs\myprompt\lib\subprocess.py", line 339, in call
    with Popen(*popenargs, **kwargs) as p:
  File "D:\anaconda\envs\myprompt\lib\subprocess.py", line 800, in __init__
    restore_signals, start_new_session)
  File "D:\anaconda\envs\myprompt\lib\subprocess.py", line 1207, in _execute_child
    startupinfo)
FileNotFoundError: [WinError 2] 系统找不到指定的文件。
2022-01-05 21:09:48,516 DEBUG   HandlerThread:1532 [meta.py:_save_conda():89] save conda done
2022-01-05 21:09:48,516 DEBUG   HandlerThread:1532 [meta.py:probe():252] probe done
2022-01-05 21:09:48,524 DEBUG   SenderThread:1532 [sender.py:send():234] send: files
2022-01-05 21:09:48,524 INFO    SenderThread:1532 [sender.py:_save_file():939] saving file wandb-metadata.json with policy now
2022-01-05 21:09:48,532 DEBUG   HandlerThread:1532 [handler.py:handle_request():130] handle_request: stop_status
2022-01-05 21:09:48,532 DEBUG   SenderThread:1532 [sender.py:send_request():248] send_request: stop_status
2022-01-05 21:09:48,907 DEBUG   SenderThread:1532 [sender.py:send():234] send: history
2022-01-05 21:09:48,907 DEBUG   SenderThread:1532 [sender.py:send():234] send: summary
2022-01-05 21:09:48,908 INFO    SenderThread:1532 [sender.py:_save_file():939] saving file wandb-summary.json with policy end
2022-01-05 21:09:48,908 DEBUG   SenderThread:1532 [sender.py:send():234] send: history
2022-01-05 21:09:48,909 DEBUG   SenderThread:1532 [sender.py:send():234] send: summary
2022-01-05 21:09:48,909 INFO    SenderThread:1532 [sender.py:_save_file():939] saving file wandb-summary.json with policy end
2022-01-05 21:09:48,910 DEBUG   SenderThread:1532 [sender.py:send():234] send: history
2022-01-05 21:09:48,910 DEBUG   SenderThread:1532 [sender.py:send():234] send: summary
2022-01-05 21:09:48,911 INFO    SenderThread:1532 [sender.py:_save_file():939] saving file wandb-summary.json with policy end
2022-01-05 21:09:48,911 DEBUG   SenderThread:1532 [sender.py:send():234] send: history
2022-01-05 21:09:48,911 DEBUG   SenderThread:1532 [sender.py:send():234] send: summary
2022-01-05 21:09:48,912 INFO    SenderThread:1532 [sender.py:_save_file():939] saving file wandb-summary.json with policy end
2022-01-05 21:09:48,912 DEBUG   SenderThread:1532 [sender.py:send():234] send: history
2022-01-05 21:09:48,912 DEBUG   SenderThread:1532 [sender.py:send():234] send: summary
2022-01-05 21:09:48,913 INFO    SenderThread:1532 [sender.py:_save_file():939] saving file wandb-summary.json with policy end
2022-01-05 21:09:49,412 INFO    Thread-12 :1532 [dir_watcher.py:_on_file_created():217] file/dir created: D:\GitHub\OnePunch\OnepunchPrompt_for_new_transformers\wandb\run-20220105_210938-3004v3ym\files\wandb-metadata.json
2022-01-05 21:09:49,412 INFO    Thread-12 :1532 [dir_watcher.py:_on_file_created():217] file/dir created: D:\GitHub\OnePunch\OnepunchPrompt_for_new_transformers\wandb\run-20220105_210938-3004v3ym\files\requirements.txt
2022-01-05 21:09:49,412 INFO    Thread-12 :1532 [dir_watcher.py:_on_file_created():217] file/dir created: D:\GitHub\OnePunch\OnepunchPrompt_for_new_transformers\wandb\run-20220105_210938-3004v3ym\files\output.log
2022-01-05 21:09:49,413 INFO    Thread-12 :1532 [dir_watcher.py:_on_file_created():217] file/dir created: D:\GitHub\OnePunch\OnepunchPrompt_for_new_transformers\wandb\run-20220105_210938-3004v3ym\files\conda-environment.yaml
2022-01-05 21:09:49,413 INFO    Thread-12 :1532 [dir_watcher.py:_on_file_created():217] file/dir created: D:\GitHub\OnePunch\OnepunchPrompt_for_new_transformers\wandb\run-20220105_210938-3004v3ym\files\wandb-summary.json
2022-01-05 21:09:49,758 INFO    Thread-15 :1532 [upload_job.py:push():137] Uploaded file C:\Users\14828\AppData\Local\Temp\tmpr60mut34wandb\32osafbf-wandb-metadata.json
2022-01-05 21:09:51,413 INFO    Thread-12 :1532 [dir_watcher.py:_on_file_modified():230] file/dir modified: D:\GitHub\OnePunch\OnepunchPrompt_for_new_transformers\wandb\run-20220105_210938-3004v3ym\files\output.log
2022-01-05 21:09:51,615 DEBUG   SenderThread:1532 [sender.py:send():234] send: history
2022-01-05 21:09:51,616 DEBUG   SenderThread:1532 [sender.py:send():234] send: summary
2022-01-05 21:09:51,618 INFO    SenderThread:1532 [sender.py:_save_file():939] saving file wandb-summary.json with policy end
2022-01-05 21:09:51,619 DEBUG   SenderThread:1532 [sender.py:send():234] send: history
2022-01-05 21:09:51,619 DEBUG   SenderThread:1532 [sender.py:send():234] send: summary
2022-01-05 21:09:51,619 INFO    SenderThread:1532 [sender.py:_save_file():939] saving file wandb-summary.json with policy end
2022-01-05 21:09:51,620 DEBUG   SenderThread:1532 [sender.py:send():234] send: history
2022-01-05 21:09:51,620 DEBUG   SenderThread:1532 [sender.py:send():234] send: summary
2022-01-05 21:09:51,621 INFO    SenderThread:1532 [sender.py:_save_file():939] saving file wandb-summary.json with policy end
2022-01-05 21:09:51,621 DEBUG   SenderThread:1532 [sender.py:send():234] send: history
2022-01-05 21:09:51,621 DEBUG   SenderThread:1532 [sender.py:send():234] send: summary
2022-01-05 21:09:51,622 INFO    SenderThread:1532 [sender.py:_save_file():939] saving file wandb-summary.json with policy end
2022-01-05 21:09:51,622 DEBUG   SenderThread:1532 [sender.py:send():234] send: history
2022-01-05 21:09:51,622 DEBUG   SenderThread:1532 [sender.py:send():234] send: summary
2022-01-05 21:09:51,623 INFO    SenderThread:1532 [sender.py:_save_file():939] saving file wandb-summary.json with policy end
2022-01-05 21:09:52,414 INFO    Thread-12 :1532 [dir_watcher.py:_on_file_modified():230] file/dir modified: D:\GitHub\OnePunch\OnepunchPrompt_for_new_transformers\wandb\run-20220105_210938-3004v3ym\files\wandb-summary.json
2022-01-05 21:09:53,054 DEBUG   SenderThread:1532 [sender.py:send():234] send: telemetry
2022-01-05 21:09:53,054 DEBUG   HandlerThread:1532 [handler.py:handle_request():130] handle_request: poll_exit
2022-01-05 21:09:53,054 DEBUG   SenderThread:1532 [sender.py:send():234] send: exit
2022-01-05 21:09:53,054 INFO    SenderThread:1532 [sender.py:send_exit():366] handling exit code: 1
2022-01-05 21:09:53,054 INFO    SenderThread:1532 [sender.py:send_exit():368] handling runtime: 4
2022-01-05 21:09:53,055 INFO    SenderThread:1532 [sender.py:_save_file():939] saving file wandb-summary.json with policy end
2022-01-05 21:09:53,055 INFO    SenderThread:1532 [sender.py:send_exit():374] send defer
2022-01-05 21:09:53,055 DEBUG   SenderThread:1532 [sender.py:send_request():248] send_request: poll_exit
2022-01-05 21:09:53,056 DEBUG   HandlerThread:1532 [handler.py:handle_request():130] handle_request: defer
2022-01-05 21:09:53,056 INFO    HandlerThread:1532 [handler.py:handle_request_defer():147] handle defer: 0
2022-01-05 21:09:53,056 DEBUG   SenderThread:1532 [sender.py:send_request():248] send_request: defer
2022-01-05 21:09:53,056 INFO    SenderThread:1532 [sender.py:send_request_defer():383] handle sender defer: 0
2022-01-05 21:09:53,056 INFO    SenderThread:1532 [sender.py:transition_state():387] send defer: 1
2022-01-05 21:09:53,056 DEBUG   HandlerThread:1532 [handler.py:handle_request():130] handle_request: defer
2022-01-05 21:09:53,056 INFO    HandlerThread:1532 [handler.py:handle_request_defer():147] handle defer: 1
2022-01-05 21:09:53,169 DEBUG   SenderThread:1532 [sender.py:send_request():248] send_request: defer
2022-01-05 21:09:53,169 INFO    SenderThread:1532 [sender.py:send_request_defer():383] handle sender defer: 1
2022-01-05 21:09:53,169 INFO    SenderThread:1532 [sender.py:transition_state():387] send defer: 2
2022-01-05 21:09:53,169 DEBUG   HandlerThread:1532 [handler.py:handle_request():130] handle_request: poll_exit
2022-01-05 21:09:53,169 DEBUG   SenderThread:1532 [sender.py:send_request():248] send_request: poll_exit
2022-01-05 21:09:53,170 DEBUG   SenderThread:1532 [sender.py:send():234] send: stats
2022-01-05 21:09:53,170 DEBUG   HandlerThread:1532 [handler.py:handle_request():130] handle_request: defer
2022-01-05 21:09:53,170 INFO    HandlerThread:1532 [handler.py:handle_request_defer():147] handle defer: 2
2022-01-05 21:09:53,171 DEBUG   SenderThread:1532 [sender.py:send_request():248] send_request: defer
2022-01-05 21:09:53,171 INFO    SenderThread:1532 [sender.py:send_request_defer():383] handle sender defer: 2
2022-01-05 21:09:53,171 INFO    SenderThread:1532 [sender.py:transition_state():387] send defer: 3
2022-01-05 21:09:53,171 DEBUG   HandlerThread:1532 [handler.py:handle_request():130] handle_request: defer
2022-01-05 21:09:53,171 INFO    HandlerThread:1532 [handler.py:handle_request_defer():147] handle defer: 3
2022-01-05 21:09:53,171 DEBUG   SenderThread:1532 [sender.py:send():234] send: summary
2022-01-05 21:09:53,172 INFO    SenderThread:1532 [sender.py:_save_file():939] saving file wandb-summary.json with policy end
2022-01-05 21:09:53,172 DEBUG   SenderThread:1532 [sender.py:send_request():248] send_request: defer
2022-01-05 21:09:53,172 INFO    SenderThread:1532 [sender.py:send_request_defer():383] handle sender defer: 3
2022-01-05 21:09:53,172 INFO    SenderThread:1532 [sender.py:transition_state():387] send defer: 4
2022-01-05 21:09:53,172 DEBUG   HandlerThread:1532 [handler.py:handle_request():130] handle_request: defer
2022-01-05 21:09:53,173 INFO    HandlerThread:1532 [handler.py:handle_request_defer():147] handle defer: 4
2022-01-05 21:09:53,173 DEBUG   SenderThread:1532 [sender.py:send_request():248] send_request: defer
2022-01-05 21:09:53,173 INFO    SenderThread:1532 [sender.py:send_request_defer():383] handle sender defer: 4
2022-01-05 21:09:53,272 DEBUG   HandlerThread:1532 [handler.py:handle_request():130] handle_request: poll_exit
2022-01-05 21:09:53,414 INFO    Thread-12 :1532 [dir_watcher.py:_on_file_modified():230] file/dir modified: D:\GitHub\OnePunch\OnepunchPrompt_for_new_transformers\wandb\run-20220105_210938-3004v3ym\files\output.log
2022-01-05 21:09:53,415 INFO    Thread-12 :1532 [dir_watcher.py:_on_file_modified():230] file/dir modified: D:\GitHub\OnePunch\OnepunchPrompt_for_new_transformers\wandb\run-20220105_210938-3004v3ym\files\wandb-summary.json
2022-01-05 21:09:53,553 INFO    SenderThread:1532 [sender.py:transition_state():387] send defer: 5
2022-01-05 21:09:53,553 DEBUG   SenderThread:1532 [sender.py:send_request():248] send_request: poll_exit
2022-01-05 21:09:53,553 DEBUG   HandlerThread:1532 [handler.py:handle_request():130] handle_request: defer
2022-01-05 21:09:53,553 INFO    HandlerThread:1532 [handler.py:handle_request_defer():147] handle defer: 5
2022-01-05 21:09:53,554 DEBUG   SenderThread:1532 [sender.py:send_request():248] send_request: defer
2022-01-05 21:09:53,554 INFO    SenderThread:1532 [sender.py:send_request_defer():383] handle sender defer: 5
2022-01-05 21:09:53,554 INFO    SenderThread:1532 [dir_watcher.py:finish():283] shutting down directory watcher
2022-01-05 21:09:53,654 DEBUG   HandlerThread:1532 [handler.py:handle_request():130] handle_request: poll_exit
2022-01-05 21:09:54,416 INFO    SenderThread:1532 [dir_watcher.py:_on_file_modified():230] file/dir modified: D:\GitHub\OnePunch\OnepunchPrompt_for_new_transformers\wandb\run-20220105_210938-3004v3ym\files\config.yaml
2022-01-05 21:09:54,416 INFO    SenderThread:1532 [dir_watcher.py:finish():313] scan: D:\GitHub\OnePunch\OnepunchPrompt_for_new_transformers\wandb\run-20220105_210938-3004v3ym\files
2022-01-05 21:09:54,416 INFO    SenderThread:1532 [dir_watcher.py:finish():327] scan save: D:\GitHub\OnePunch\OnepunchPrompt_for_new_transformers\wandb\run-20220105_210938-3004v3ym\files\conda-environment.yaml conda-environment.yaml
2022-01-05 21:09:54,417 INFO    SenderThread:1532 [dir_watcher.py:finish():327] scan save: D:\GitHub\OnePunch\OnepunchPrompt_for_new_transformers\wandb\run-20220105_210938-3004v3ym\files\config.yaml config.yaml
2022-01-05 21:09:54,417 INFO    SenderThread:1532 [dir_watcher.py:finish():327] scan save: D:\GitHub\OnePunch\OnepunchPrompt_for_new_transformers\wandb\run-20220105_210938-3004v3ym\files\output.log output.log
2022-01-05 21:09:54,418 INFO    SenderThread:1532 [dir_watcher.py:finish():327] scan save: D:\GitHub\OnePunch\OnepunchPrompt_for_new_transformers\wandb\run-20220105_210938-3004v3ym\files\requirements.txt requirements.txt
2022-01-05 21:09:54,423 INFO    SenderThread:1532 [dir_watcher.py:finish():327] scan save: D:\GitHub\OnePunch\OnepunchPrompt_for_new_transformers\wandb\run-20220105_210938-3004v3ym\files\wandb-metadata.json wandb-metadata.json
2022-01-05 21:09:54,423 INFO    SenderThread:1532 [dir_watcher.py:finish():327] scan save: D:\GitHub\OnePunch\OnepunchPrompt_for_new_transformers\wandb\run-20220105_210938-3004v3ym\files\wandb-summary.json wandb-summary.json
2022-01-05 21:09:54,427 INFO    SenderThread:1532 [sender.py:transition_state():387] send defer: 6
2022-01-05 21:09:54,428 DEBUG   SenderThread:1532 [sender.py:send_request():248] send_request: poll_exit
2022-01-05 21:09:54,430 DEBUG   HandlerThread:1532 [handler.py:handle_request():130] handle_request: defer
2022-01-05 21:09:54,431 INFO    HandlerThread:1532 [handler.py:handle_request_defer():147] handle defer: 6
2022-01-05 21:09:54,432 DEBUG   SenderThread:1532 [sender.py:send_request():248] send_request: defer
2022-01-05 21:09:54,432 INFO    SenderThread:1532 [sender.py:send_request_defer():383] handle sender defer: 6
2022-01-05 21:09:54,433 INFO    SenderThread:1532 [file_pusher.py:finish():177] shutting down file pusher
2022-01-05 21:09:54,531 DEBUG   HandlerThread:1532 [handler.py:handle_request():130] handle_request: poll_exit
2022-01-05 21:09:54,532 DEBUG   SenderThread:1532 [sender.py:send_request():248] send_request: poll_exit
2022-01-05 21:09:54,633 DEBUG   HandlerThread:1532 [handler.py:handle_request():130] handle_request: poll_exit
2022-01-05 21:09:54,633 DEBUG   SenderThread:1532 [sender.py:send_request():248] send_request: poll_exit
2022-01-05 21:09:54,734 DEBUG   HandlerThread:1532 [handler.py:handle_request():130] handle_request: poll_exit
2022-01-05 21:09:54,735 DEBUG   SenderThread:1532 [sender.py:send_request():248] send_request: poll_exit
2022-01-05 21:09:54,836 DEBUG   HandlerThread:1532 [handler.py:handle_request():130] handle_request: poll_exit
2022-01-05 21:09:54,836 DEBUG   SenderThread:1532 [sender.py:send_request():248] send_request: poll_exit
2022-01-05 21:09:54,937 DEBUG   HandlerThread:1532 [handler.py:handle_request():130] handle_request: poll_exit
2022-01-05 21:09:54,937 DEBUG   SenderThread:1532 [sender.py:send_request():248] send_request: poll_exit
2022-01-05 21:09:55,039 DEBUG   HandlerThread:1532 [handler.py:handle_request():130] handle_request: poll_exit
2022-01-05 21:09:55,039 DEBUG   SenderThread:1532 [sender.py:send_request():248] send_request: poll_exit
2022-01-05 21:09:55,141 DEBUG   HandlerThread:1532 [handler.py:handle_request():130] handle_request: poll_exit
2022-01-05 21:09:55,141 DEBUG   SenderThread:1532 [sender.py:send_request():248] send_request: poll_exit
2022-01-05 21:09:55,244 DEBUG   HandlerThread:1532 [handler.py:handle_request():130] handle_request: poll_exit
2022-01-05 21:09:55,244 DEBUG   SenderThread:1532 [sender.py:send_request():248] send_request: poll_exit
2022-01-05 21:09:55,347 DEBUG   HandlerThread:1532 [handler.py:handle_request():130] handle_request: poll_exit
2022-01-05 21:09:55,347 DEBUG   SenderThread:1532 [sender.py:send_request():248] send_request: poll_exit
2022-01-05 21:09:55,391 INFO    Thread-16 :1532 [upload_job.py:push():137] Uploaded file D:\GitHub\OnePunch\OnepunchPrompt_for_new_transformers\wandb\run-20220105_210938-3004v3ym\files\config.yaml
2022-01-05 21:09:55,400 INFO    Thread-17 :1532 [upload_job.py:push():137] Uploaded file D:\GitHub\OnePunch\OnepunchPrompt_for_new_transformers\wandb\run-20220105_210938-3004v3ym\files\output.log
2022-01-05 21:09:55,449 DEBUG   HandlerThread:1532 [handler.py:handle_request():130] handle_request: poll_exit
2022-01-05 21:09:55,449 DEBUG   SenderThread:1532 [sender.py:send_request():248] send_request: poll_exit
2022-01-05 21:09:55,551 DEBUG   HandlerThread:1532 [handler.py:handle_request():130] handle_request: poll_exit
2022-01-05 21:09:55,551 DEBUG   SenderThread:1532 [sender.py:send_request():248] send_request: poll_exit
2022-01-05 21:09:55,600 INFO    Thread-19 :1532 [upload_job.py:push():137] Uploaded file D:\GitHub\OnePunch\OnepunchPrompt_for_new_transformers\wandb\run-20220105_210938-3004v3ym\files\wandb-summary.json
2022-01-05 21:09:55,653 DEBUG   HandlerThread:1532 [handler.py:handle_request():130] handle_request: poll_exit
2022-01-05 21:09:55,653 DEBUG   SenderThread:1532 [sender.py:send_request():248] send_request: poll_exit
2022-01-05 21:09:55,756 DEBUG   HandlerThread:1532 [handler.py:handle_request():130] handle_request: poll_exit
2022-01-05 21:09:55,757 DEBUG   SenderThread:1532 [sender.py:send_request():248] send_request: poll_exit
2022-01-05 21:09:55,858 DEBUG   HandlerThread:1532 [handler.py:handle_request():130] handle_request: poll_exit
2022-01-05 21:09:55,858 DEBUG   SenderThread:1532 [sender.py:send_request():248] send_request: poll_exit
2022-01-05 21:09:55,960 DEBUG   HandlerThread:1532 [handler.py:handle_request():130] handle_request: poll_exit
2022-01-05 21:09:55,960 DEBUG   SenderThread:1532 [sender.py:send_request():248] send_request: poll_exit
2022-01-05 21:09:56,063 DEBUG   HandlerThread:1532 [handler.py:handle_request():130] handle_request: poll_exit
2022-01-05 21:09:56,064 DEBUG   SenderThread:1532 [sender.py:send_request():248] send_request: poll_exit
2022-01-05 21:09:56,165 DEBUG   HandlerThread:1532 [handler.py:handle_request():130] handle_request: poll_exit
2022-01-05 21:09:56,166 DEBUG   SenderThread:1532 [sender.py:send_request():248] send_request: poll_exit
2022-01-05 21:09:56,268 DEBUG   HandlerThread:1532 [handler.py:handle_request():130] handle_request: poll_exit
2022-01-05 21:09:56,269 DEBUG   SenderThread:1532 [sender.py:send_request():248] send_request: poll_exit
2022-01-05 21:09:56,372 DEBUG   HandlerThread:1532 [handler.py:handle_request():130] handle_request: poll_exit
2022-01-05 21:09:56,372 DEBUG   SenderThread:1532 [sender.py:send_request():248] send_request: poll_exit
2022-01-05 21:09:56,474 DEBUG   HandlerThread:1532 [handler.py:handle_request():130] handle_request: poll_exit
2022-01-05 21:09:56,475 DEBUG   SenderThread:1532 [sender.py:send_request():248] send_request: poll_exit
2022-01-05 21:09:56,577 DEBUG   HandlerThread:1532 [handler.py:handle_request():130] handle_request: poll_exit
2022-01-05 21:09:56,578 DEBUG   SenderThread:1532 [sender.py:send_request():248] send_request: poll_exit
2022-01-05 21:09:56,679 DEBUG   HandlerThread:1532 [handler.py:handle_request():130] handle_request: poll_exit
2022-01-05 21:09:56,680 DEBUG   SenderThread:1532 [sender.py:send_request():248] send_request: poll_exit
2022-01-05 21:09:56,782 DEBUG   HandlerThread:1532 [handler.py:handle_request():130] handle_request: poll_exit
2022-01-05 21:09:56,783 DEBUG   SenderThread:1532 [sender.py:send_request():248] send_request: poll_exit
2022-01-05 21:09:56,884 DEBUG   HandlerThread:1532 [handler.py:handle_request():130] handle_request: poll_exit
2022-01-05 21:09:56,884 DEBUG   SenderThread:1532 [sender.py:send_request():248] send_request: poll_exit
2022-01-05 21:09:56,986 DEBUG   HandlerThread:1532 [handler.py:handle_request():130] handle_request: poll_exit
2022-01-05 21:09:56,986 DEBUG   SenderThread:1532 [sender.py:send_request():248] send_request: poll_exit
2022-01-05 21:09:57,090 DEBUG   HandlerThread:1532 [handler.py:handle_request():130] handle_request: poll_exit
2022-01-05 21:09:57,090 DEBUG   SenderThread:1532 [sender.py:send_request():248] send_request: poll_exit
2022-01-05 21:09:57,192 INFO    Thread-18 :1532 [upload_job.py:push():137] Uploaded file D:\GitHub\OnePunch\OnepunchPrompt_for_new_transformers\wandb\run-20220105_210938-3004v3ym\files\requirements.txt
2022-01-05 21:09:57,192 DEBUG   HandlerThread:1532 [handler.py:handle_request():130] handle_request: poll_exit
2022-01-05 21:09:57,193 DEBUG   SenderThread:1532 [sender.py:send_request():248] send_request: poll_exit
2022-01-05 21:09:57,294 DEBUG   HandlerThread:1532 [handler.py:handle_request():130] handle_request: poll_exit
2022-01-05 21:09:57,295 DEBUG   SenderThread:1532 [sender.py:send_request():248] send_request: poll_exit
2022-01-05 21:09:57,394 INFO    Thread-11 :1532 [sender.py:transition_state():387] send defer: 7
2022-01-05 21:09:57,394 DEBUG   HandlerThread:1532 [handler.py:handle_request():130] handle_request: defer
2022-01-05 21:09:57,394 INFO    HandlerThread:1532 [handler.py:handle_request_defer():147] handle defer: 7
2022-01-05 21:09:57,395 DEBUG   SenderThread:1532 [sender.py:send_request():248] send_request: defer
2022-01-05 21:09:57,395 INFO    SenderThread:1532 [sender.py:send_request_defer():383] handle sender defer: 7
2022-01-05 21:09:57,396 DEBUG   HandlerThread:1532 [handler.py:handle_request():130] handle_request: poll_exit
2022-01-05 21:09:57,635 INFO    SenderThread:1532 [sender.py:transition_state():387] send defer: 8
2022-01-05 21:09:57,636 DEBUG   SenderThread:1532 [sender.py:send_request():248] send_request: poll_exit
2022-01-05 21:09:57,636 DEBUG   HandlerThread:1532 [handler.py:handle_request():130] handle_request: defer
2022-01-05 21:09:57,636 INFO    HandlerThread:1532 [handler.py:handle_request_defer():147] handle defer: 8
2022-01-05 21:09:57,636 DEBUG   SenderThread:1532 [sender.py:send_request():248] send_request: defer
2022-01-05 21:09:57,636 INFO    SenderThread:1532 [sender.py:send_request_defer():383] handle sender defer: 8
2022-01-05 21:09:57,636 INFO    SenderThread:1532 [sender.py:transition_state():387] send defer: 9
2022-01-05 21:09:57,637 DEBUG   SenderThread:1532 [sender.py:send():234] send: final
2022-01-05 21:09:57,638 DEBUG   SenderThread:1532 [sender.py:send():234] send: footer
2022-01-05 21:09:57,638 DEBUG   HandlerThread:1532 [handler.py:handle_request():130] handle_request: defer
2022-01-05 21:09:57,638 INFO    HandlerThread:1532 [handler.py:handle_request_defer():147] handle defer: 9
2022-01-05 21:09:57,638 DEBUG   SenderThread:1532 [sender.py:send_request():248] send_request: defer
2022-01-05 21:09:57,638 INFO    SenderThread:1532 [sender.py:send_request_defer():383] handle sender defer: 9
2022-01-05 21:09:57,737 DEBUG   HandlerThread:1532 [handler.py:handle_request():130] handle_request: poll_exit
2022-01-05 21:09:57,738 DEBUG   SenderThread:1532 [sender.py:send_request():248] send_request: poll_exit
2022-01-05 21:09:57,738 INFO    SenderThread:1532 [file_pusher.py:join():182] waiting for file pusher
2022-01-05 21:09:58,396 DEBUG   HandlerThread:1532 [handler.py:handle_request():130] handle_request: get_summary
2022-01-05 21:09:58,397 DEBUG   HandlerThread:1532 [handler.py:handle_request():130] handle_request: sampled_history
2022-01-05 21:09:58,398 DEBUG   HandlerThread:1532 [handler.py:handle_request():130] handle_request: shutdown
2022-01-05 21:09:58,399 INFO    HandlerThread:1532 [handler.py:finish():731] shutting down handler
2022-01-05 21:09:58,638 INFO    WriterThread:1532 [datastore.py:close():281] close: D:\GitHub\OnePunch\OnepunchPrompt_for_new_transformers\wandb\run-20220105_210938-3004v3ym\run-3004v3ym.wandb
2022-01-05 21:09:59,395 INFO    SenderThread:1532 [sender.py:finish():1070] shutting down sender
2022-01-05 21:09:59,395 INFO    SenderThread:1532 [file_pusher.py:finish():177] shutting down file pusher
2022-01-05 21:09:59,395 INFO    SenderThread:1532 [file_pusher.py:join():182] waiting for file pusher
2022-01-05 21:09:59,397 INFO    MainThread:1532 [internal.py:handle_exit():77] Internal process exited
